<?xml version="1.0" encoding="UTF-8"?>
<!-- Generated by org.testng.reporters.JUnitXMLReporter -->
<testsuite ignored="0" hostname="HR-47" failures="0" tests="3" name="Default test" time="13.261" errors="0" timestamp="2024-04-08T10:52:35 IST">
  <testcase classname="Day11.mercurylogin" name="Capture_home_page" time="0.026"/>
  <testcase classname="Day11.mercurylogin" name="Open_URL" time="6.927"/>
  <testcase classname="Day11.mercurylogin" name="enter_Data" time="1.459"/>
</testsuite> <!-- Default test -->
