<?xml version="1.0" encoding="UTF-8"?>
<!-- Generated by org.testng.reporters.JUnitXMLReporter -->
<testsuite ignored="0" hostname="HR-47" failures="0" tests="9" name="mytest" time="10.534" errors="0" timestamp="2024-03-29T11:53:49 IST">
  <testcase classname="Day11.FirstTest" name="test1" time="0.01"/>
  <testcase classname="Day11.FirstTest" name="test2" time="0.002"/>
  <testcase classname="Day11.FirstTest" name="test3" time="0.002"/>
  <testcase classname="Day11.SecondTest" name="Login" time="0.001"/>
  <testcase classname="Day11.SecondTest" name="Search" time="0.002"/>
  <testcase classname="Day11.SecondTest" name="Logout" time="0.001"/>
  <testcase classname="Day11.ThirdTest" name="OpenApp" time="8.23"/>
  <testcase classname="Day11.ThirdTest" name="Login" time="2.091"/>
  <testcase classname="Day11.ThirdTest" name="CloseApp" time="0.137"/>
</testsuite> <!-- mytest -->
