<?xml version="1.0" encoding="UTF-8"?>
<!-- Generated by org.testng.reporters.JUnitXMLReporter -->
<testsuite ignored="0" hostname="HR-47" failures="0" tests="5" name="Test3" time="0.028" errors="0" timestamp="2024-04-01T11:03:10 IST">
  <testcase classname="Day12.Annotations" name="Search" time="0.003"/>
  <testcase classname="Day12.Annotations" name="AdvancedSearch" time="0.003"/>
  <testcase classname="Day12.SecondTest" name="Login" time="0.002"/>
  <testcase classname="Day12.SecondTest" name="Search" time="0.002"/>
  <testcase classname="Day12.SecondTest" name="Logout" time="0.001"/>
</testsuite> <!-- Test3 -->
