<?xml version="1.0" encoding="UTF-8"?>
<!-- Generated by org.testng.reporters.JUnitXMLReporter -->
<testsuite ignored="0" hostname="HR-47" failures="0" tests="6" name="MyTest" time="33.34" errors="0" timestamp="2024-03-29T12:09:07 IST">
  <testcase classname="Day11.ThirdTest" name="OpenApp" time="28.468"/>
  <testcase classname="Day11.ThirdTest" name="Login" time="4.661"/>
  <testcase classname="Day11.ThirdTest" name="CloseApp" time="0.15"/>
  <testcase classname="Day11.SecondTest" name="Login" time="0.003"/>
  <testcase classname="Day11.SecondTest" name="Search" time="0.002"/>
  <testcase classname="Day11.SecondTest" name="Logout" time="0.002"/>
</testsuite> <!-- MyTest -->
