<?xml version="1.0" encoding="UTF-8"?>
<testng-results ignored="0" total="3" passed="3" failed="0" skipped="0">
  <reporter-output>
  </reporter-output>
  <suite started-at="2024-04-09T07:01:41 IST" name="Suite" finished-at="2024-04-09T07:02:13 IST" duration-ms="31628">
    <groups>
    </groups>
    <test started-at="2024-04-09T07:01:41 IST" name="Test" finished-at="2024-04-09T07:02:13 IST" duration-ms="31628">
      <class name="Day11.mercurylogin">
        <test-method is-config="true" signature="open_browser()[pri:0, instance:Day11.mercurylogin@6356695f]" started-at="2024-04-09T07:01:41 IST" name="open_browser" finished-at="2024-04-09T07:02:05 IST" duration-ms="24190" status="PASS">
          <reporter-output>
          </reporter-output>
        </test-method> <!-- open_browser -->
        <test-method signature="Capture_home_page()[pri:0, instance:Day11.mercurylogin@6356695f]" started-at="2024-04-09T07:02:05 IST" name="Capture_home_page" finished-at="2024-04-09T07:02:05 IST" duration-ms="80" status="PASS">
          <reporter-output>
          </reporter-output>
        </test-method> <!-- Capture_home_page -->
        <test-method signature="Open_URL()[pri:0, instance:Day11.mercurylogin@6356695f]" started-at="2024-04-09T07:02:05 IST" name="Open_URL" finished-at="2024-04-09T07:02:11 IST" duration-ms="5447" status="PASS">
          <reporter-output>
          </reporter-output>
        </test-method> <!-- Open_URL -->
        <test-method signature="enter_Data()[pri:0, instance:Day11.mercurylogin@6356695f]" started-at="2024-04-09T07:02:11 IST" name="enter_Data" finished-at="2024-04-09T07:02:12 IST" duration-ms="1747" status="PASS">
          <reporter-output>
          </reporter-output>
        </test-method> <!-- enter_Data -->
        <test-method is-config="true" signature="tear_down()[pri:0, instance:Day11.mercurylogin@6356695f]" started-at="2024-04-09T07:02:12 IST" name="tear_down" finished-at="2024-04-09T07:02:13 IST" duration-ms="117" status="PASS">
          <reporter-output>
          </reporter-output>
        </test-method> <!-- tear_down -->
      </class> <!-- Day11.mercurylogin -->
    </test> <!-- Test -->
  </suite> <!-- Suite -->
</testng-results>
