<?xml version="1.0" encoding="UTF-8"?>
<testng-results ignored="0" total="3" passed="3" failed="0" skipped="0">
  <reporter-output>
  </reporter-output>
  <suite started-at="2024-04-08T12:14:11 IST" name="Suite" finished-at="2024-04-08T12:14:22 IST" duration-ms="10609">
    <groups>
    </groups>
    <test started-at="2024-04-08T12:14:11 IST" name="Test" finished-at="2024-04-08T12:14:22 IST" duration-ms="10609">
      <class name="Day11.mercurylogin">
        <test-method is-config="true" signature="open_browser()[pri:0, instance:Day11.mercurylogin@4f18837a]" started-at="2024-04-08T12:14:11 IST" name="open_browser" finished-at="2024-04-08T12:14:13 IST" duration-ms="2246" status="PASS">
          <reporter-output>
          </reporter-output>
        </test-method> <!-- open_browser -->
        <test-method signature="Capture_home_page()[pri:0, instance:Day11.mercurylogin@4f18837a]" started-at="2024-04-08T12:14:13 IST" name="Capture_home_page" finished-at="2024-04-08T12:14:13 IST" duration-ms="26" status="PASS">
          <reporter-output>
          </reporter-output>
        </test-method> <!-- Capture_home_page -->
        <test-method signature="Open_URL()[pri:0, instance:Day11.mercurylogin@4f18837a]" started-at="2024-04-08T12:14:13 IST" name="Open_URL" finished-at="2024-04-08T12:14:20 IST" duration-ms="6201" status="PASS">
          <reporter-output>
          </reporter-output>
        </test-method> <!-- Open_URL -->
        <test-method signature="enter_Data()[pri:0, instance:Day11.mercurylogin@4f18837a]" started-at="2024-04-08T12:14:20 IST" name="enter_Data" finished-at="2024-04-08T12:14:21 IST" duration-ms="1880" status="PASS">
          <reporter-output>
          </reporter-output>
        </test-method> <!-- enter_Data -->
        <test-method is-config="true" signature="tear_down()[pri:0, instance:Day11.mercurylogin@4f18837a]" started-at="2024-04-08T12:14:21 IST" name="tear_down" finished-at="2024-04-08T12:14:22 IST" duration-ms="218" status="PASS">
          <reporter-output>
          </reporter-output>
        </test-method> <!-- tear_down -->
      </class> <!-- Day11.mercurylogin -->
    </test> <!-- Test -->
  </suite> <!-- Suite -->
</testng-results>
