<?xml version="1.0" encoding="UTF-8"?>
<testng-results ignored="0" total="3" passed="3" failed="0" skipped="0">
  <reporter-output>
  </reporter-output>
  <suite started-at="2024-04-08T10:55:08 IST" name="Suite" finished-at="2024-04-08T10:55:19 IST" duration-ms="11015">
    <groups>
    </groups>
    <test started-at="2024-04-08T10:55:08 IST" name="Test" finished-at="2024-04-08T10:55:19 IST" duration-ms="11015">
      <class name="Day11.mercurylogin">
        <test-method is-config="true" signature="open_browser()[pri:0, instance:Day11.mercurylogin@515c6049]" started-at="2024-04-08T10:55:08 IST" name="open_browser" finished-at="2024-04-08T10:55:11 IST" duration-ms="2815" status="PASS">
          <reporter-output>
          </reporter-output>
        </test-method> <!-- open_browser -->
        <test-method signature="Capture_home_page()[pri:0, instance:Day11.mercurylogin@515c6049]" started-at="2024-04-08T10:55:11 IST" name="Capture_home_page" finished-at="2024-04-08T10:55:11 IST" duration-ms="30" status="PASS">
          <reporter-output>
          </reporter-output>
        </test-method> <!-- Capture_home_page -->
        <test-method signature="Open_URL()[pri:0, instance:Day11.mercurylogin@515c6049]" started-at="2024-04-08T10:55:11 IST" name="Open_URL" finished-at="2024-04-08T10:55:17 IST" duration-ms="6325" status="PASS">
          <reporter-output>
          </reporter-output>
        </test-method> <!-- Open_URL -->
        <test-method signature="enter_Data()[pri:0, instance:Day11.mercurylogin@515c6049]" started-at="2024-04-08T10:55:17 IST" name="enter_Data" finished-at="2024-04-08T10:55:19 IST" duration-ms="1474" status="PASS">
          <reporter-output>
          </reporter-output>
        </test-method> <!-- enter_Data -->
        <test-method is-config="true" signature="tear_down()[pri:0, instance:Day11.mercurylogin@515c6049]" started-at="2024-04-08T10:55:19 IST" name="tear_down" finished-at="2024-04-08T10:55:19 IST" duration-ms="317" status="PASS">
          <reporter-output>
          </reporter-output>
        </test-method> <!-- tear_down -->
      </class> <!-- Day11.mercurylogin -->
    </test> <!-- Test -->
  </suite> <!-- Suite -->
</testng-results>
