<?xml version="1.0" encoding="UTF-8"?>
<testng-results ignored="0" total="2" passed="2" failed="0" skipped="0">
  <reporter-output>
  </reporter-output>
  <suite started-at="2024-04-04T14:31:33 IST" name="Default suite" finished-at="2024-04-04T14:31:50 IST" duration-ms="17245">
    <groups>
    </groups>
    <test started-at="2024-04-04T14:31:33 IST" name="Default test" finished-at="2024-04-04T14:31:50 IST" duration-ms="17245">
      <class name="Day13.loginTest_Apurva">
        <test-method is-config="true" signature="setUp()[pri:0, instance:Day13.loginTest_Apurva@515c6049]" started-at="2024-04-04T14:31:33 IST" name="setUp" finished-at="2024-04-04T14:31:48 IST" duration-ms="15434" status="PASS">
          <reporter-output>
          </reporter-output>
        </test-method> <!-- setUp -->
        <test-method signature="logo_Check()[pri:1, instance:Day13.loginTest_Apurva@515c6049]" started-at="2024-04-04T14:31:48 IST" name="logo_Check" finished-at="2024-04-04T14:31:49 IST" duration-ms="107" status="PASS">
          <reporter-output>
          </reporter-output>
        </test-method> <!-- logo_Check -->
        <test-method signature="testLogin()[pri:2, instance:Day13.loginTest_Apurva@515c6049]" started-at="2024-04-04T14:31:49 IST" name="testLogin" finished-at="2024-04-04T14:31:50 IST" duration-ms="1346" status="PASS">
          <reporter-output>
          </reporter-output>
        </test-method> <!-- testLogin -->
        <test-method is-config="true" signature="TearDown()[pri:0, instance:Day13.loginTest_Apurva@515c6049]" started-at="2024-04-04T14:31:50 IST" name="TearDown" finished-at="2024-04-04T14:31:50 IST" duration-ms="303" status="PASS">
          <reporter-output>
          </reporter-output>
        </test-method> <!-- TearDown -->
      </class> <!-- Day13.loginTest_Apurva -->
    </test> <!-- Default test -->
  </suite> <!-- Default suite -->
</testng-results>
